# JRE version: OpenJDK Runtime Environment (8.0_232-b09) (build 1.8.0_232-BellSoft-b09)
# Java VM: OpenJDK 64-Bit Server VM (25.232-b09 mixed mode windows-amd64 compressed oops)
Heap:
 def new generation   total 138816K, used 17645K [0x00000000c4000000, 0x00000000cd690000, 0x00000000d8000000)
  eden space 123456K,  11% used [0x00000000c4000000, 0x00000000c4db8ad8, 0x00000000cb890000)
  from space 15360K,  23% used [0x00000000cb890000, 0x00000000cbc12980, 0x00000000cc790000)
  to   space 15360K,   0% used [0x00000000cc790000, 0x00000000cc790000, 0x00000000cd690000)
 tenured generation   total 308256K, used 214543K [0x00000000d8000000, 0x00000000ead08000, 0x0000000100000000)
   the space 308256K,  69% used [0x00000000d8000000, 0x00000000e5183c60, 0x00000000e5183e00, 0x00000000ead08000)
 Metaspace       used 62018K, capacity 63215K, committed 63360K, reserved 1103872K
  class space    used 7678K, capacity 7993K, committed 8064K, reserved 1048576K
GC Heap History (10 events):
Event: 304.839 GC heap before
{Heap before GC invocations=94 (full 7):
 def new generation   total 106240K, used 88450K [0x00000000c4000000, 0x00000000cb340000, 0x00000000d8000000)
  eden space 94464K,  88% used [0x00000000c4000000, 0x00000000c917d868, 0x00000000c9c40000)
  from space 11776K,  42% used [0x00000000ca7c0000, 0x00000000caca30f8, 0x00000000cb340000)
  to   space 11776K,   0% used [0x00000000c9c40000, 0x00000000c9c40000, 0x00000000ca7c0000)
 tenured generation   total 235952K, used 194760K [0x00000000d8000000, 0x00000000e666c000, 0x0000000100000000)
   the space 235952K,  82% used [0x00000000d8000000, 0x00000000e3e320d0, 0x00000000e3e32200, 0x00000000e666c000)
 Metaspace       used 60625K, capacity 61797K, committed 62208K, reserved 1103872K
  class space    used 7598K, capacity 7876K, committed 7936K, reserved 1048576K
Event: 305.518 GC heap after
Heap after GC invocations=95 (full 8):
 def new generation   total 138816K, used 0K [0x00000000c4000000, 0x00000000cd690000, 0x00000000d8000000)
  eden space 123456K,   0% used [0x00000000c4000000, 0x00000000c4000000, 0x00000000cb890000)
  from space 15360K,   0% used [0x00000000cb890000, 0x00000000cb890000, 0x00000000cc790000)
  to   space 15360K,   0% used [0x00000000cc790000, 0x00000000cc790000, 0x00000000cd690000)
 tenured generation   total 308256K, used 184951K [0x00000000d8000000, 0x00000000ead08000, 0x0000000100000000)
   the space 308256K,  59% used [0x00000000d8000000, 0x00000000e349df98, 0x00000000e349e000, 0x00000000ead08000)
 Metaspace       used 60625K, capacity 61797K, committed 62208K, reserved 1103872K
  class space    used 7598K, capacity 7876K, committed 7936K, reserved 1048576K
}
Event: 313.240 GC heap before
{Heap before GC invocations=95 (full 8):
 def new generation   total 138816K, used 123456K [0x00000000c4000000, 0x00000000cd690000, 0x00000000d8000000)
  eden space 123456K, 100% used [0x00000000c4000000, 0x00000000cb890000, 0x00000000cb890000)
  from space 15360K,   0% used [0x00000000cb890000, 0x00000000cb890000, 0x00000000cc790000)
  to   space 15360K,   0% used [0x00000000cc790000, 0x00000000cc790000, 0x00000000cd690000)
 tenured generation   total 308256K, used 184951K [0x00000000d8000000, 0x00000000ead08000, 0x0000000100000000)
   the space 308256K,  59% used [0x00000000d8000000, 0x00000000e349df98, 0x00000000e349e000, 0x00000000ead08000)
 Metaspace       used 61287K, capacity 62429K, committed 62592K, reserved 1103872K
  class space    used 7677K, capacity 7990K, committed 8064K, reserved 1048576K
Event: 313.297 GC heap after
Heap after GC invocations=96 (full 8):
 def new generation   total 138816K, used 15360K [0x00000000c4000000, 0x00000000cd690000, 0x00000000d8000000)
  eden space 123456K,   0% used [0x00000000c4000000, 0x00000000c4000000, 0x00000000cb890000)
  from space 15360K, 100% used [0x00000000cc790000, 0x00000000cd690000, 0x00000000cd690000)
  to   space 15360K,   0% used [0x00000000cb890000, 0x00000000cb890000, 0x00000000cc790000)
 tenured generation   total 308256K, used 192676K [0x00000000d8000000, 0x00000000ead08000, 0x0000000100000000)
   the space 308256K,  62% used [0x00000000d8000000, 0x00000000e3c293b0, 0x00000000e3c29400, 0x00000000ead08000)
 Metaspace       used 61287K, capacity 62429K, committed 62592K, reserved 1103872K
  class space    used 7677K, capacity 7990K, committed 8064K, reserved 1048576K
}
Event: 329.594 GC heap before
{Heap before GC invocations=96 (full 8):
 def new generation   total 138816K, used 138816K [0x00000000c4000000, 0x00000000cd690000, 0x00000000d8000000)
  eden space 123456K, 100% used [0x00000000c4000000, 0x00000000cb890000, 0x00000000cb890000)
  from space 15360K, 100% used [0x00000000cc790000, 0x00000000cd690000, 0x00000000cd690000)
  to   space 15360K,   0% used [0x00000000cb890000, 0x00000000cb890000, 0x00000000cc790000)
 tenured generation   total 308256K, used 200286K [0x00000000d8000000, 0x00000000ead08000, 0x0000000100000000)
   the space 308256K,  64% used [0x00000000d8000000, 0x00000000e4397b20, 0x00000000e4397c00, 0x00000000ead08000)
 Metaspace       used 61593K, capacity 62761K, committed 63104K, reserved 1103872K
  class space    used 7678K, capacity 7992K, committed 8064K, reserved 1048576K
Event: 329.648 GC heap after
Heap after GC invocations=97 (full 8):
 def new generation   total 138816K, used 154K [0x00000000c4000000, 0x00000000cd690000, 0x00000000d8000000)
  eden space 123456K,   0% used [0x00000000c4000000, 0x00000000c4000000, 0x00000000cb890000)
  from space 15360K,   1% used [0x00000000cb890000, 0x00000000cb8b6ad8, 0x00000000cc790000)
  to   space 15360K,   0% used [0x00000000cc790000, 0x00000000cc790000, 0x00000000cd690000)
 tenured generation   total 308256K, used 214543K [0x00000000d8000000, 0x00000000ead08000, 0x0000000100000000)
   the space 308256K,  69% used [0x00000000d8000000, 0x00000000e5183c60, 0x00000000e5183e00, 0x00000000ead08000)
 Metaspace       used 61593K, capacity 62761K, committed 63104K, reserved 1103872K
  class space    used 7678K, capacity 7992K, committed 8064K, reserved 1048576K
}
Event: 344.954 GC heap before
{Heap before GC invocations=97 (full 8):
 def new generation   total 138816K, used 123610K [0x00000000c4000000, 0x00000000cd690000, 0x00000000d8000000)
  eden space 123456K, 100% used [0x00000000c4000000, 0x00000000cb890000, 0x00000000cb890000)
  from space 15360K,   1% used [0x00000000cb890000, 0x00000000cb8b6ad8, 0x00000000cc790000)
  to   space 15360K,   0% used [0x00000000cc790000, 0x00000000cc790000, 0x00000000cd690000)
 tenured generation   total 308256K, used 214543K [0x00000000d8000000, 0x00000000ead08000, 0x0000000100000000)
   the space 308256K,  69% used [0x00000000d8000000, 0x00000000e5183c60, 0x00000000e5183e00, 0x00000000ead08000)
 Metaspace       used 61894K, capacity 63151K, committed 63360K, reserved 1103872K
  class space    used 7678K, capacity 7993K, committed 8064K, reserved 1048576K
Event: 344.967 GC heap after
Heap after GC invocations=98 (full 8):
 def new generation   total 138816K, used 3598K [0x00000000c4000000, 0x00000000cd690000, 0x00000000d8000000)
  eden space 123456K,   0% used [0x00000000c4000000, 0x00000000c4000000, 0x00000000cb890000)
  from space 15360K,  23% used [0x00000000cc790000, 0x00000000ccb13950, 0x00000000cd690000)
  to   space 15360K,   0% used [0x00000000cb890000, 0x00000000cb890000, 0x00000000cc790000)
 tenured generation   total 308256K, used 214543K [0x00000000d8000000, 0x00000000ead08000, 0x0000000100000000)
   the space 308256K,  69% used [0x00000000d8000000, 0x00000000e5183c60, 0x00000000e5183e00, 0x00000000ead08000)
 Metaspace       used 61894K, capacity 63151K, committed 63360K, reserved 1103872K
  class space    used 7678K, capacity 7993K, committed 8064K, reserved 1048576K
}
Event: 364.255 GC heap before
{Heap before GC invocations=98 (full 8):
 def new generation   total 138816K, used 127054K [0x00000000c4000000, 0x00000000cd690000, 0x00000000d8000000)
  eden space 123456K, 100% used [0x00000000c4000000, 0x00000000cb890000, 0x00000000cb890000)
  from space 15360K,  23% used [0x00000000cc790000, 0x00000000ccb13950, 0x00000000cd690000)
  to   space 15360K,   0% used [0x00000000cb890000, 0x00000000cb890000, 0x00000000cc790000)
 tenured generation   total 308256K, used 214543K [0x00000000d8000000, 0x00000000ead08000, 0x0000000100000000)
   the space 308256K,  69% used [0x00000000d8000000, 0x00000000e5183c60, 0x00000000e5183e00, 0x00000000ead08000)
 Metaspace       used 62018K, capacity 63215K, committed 63360K, reserved 1103872K
  class space    used 7678K, capacity 7993K, committed 8064K, reserved 1048576K
Event: 364.268 GC heap after
Heap after GC invocations=99 (full 8):
 def new generation   total 138816K, used 3594K [0x00000000c4000000, 0x00000000cd690000, 0x00000000d8000000)
  eden space 123456K,   0% used [0x00000000c4000000, 0x00000000c4000000, 0x00000000cb890000)
  from space 15360K,  23% used [0x00000000cb890000, 0x00000000cbc12980, 0x00000000cc790000)
  to   space 15360K,   0% used [0x00000000cc790000, 0x00000000cc790000, 0x00000000cd690000)
 tenured generation   total 308256K, used 214543K [0x00000000d8000000, 0x00000000ead08000, 0x0000000100000000)
   the space 308256K,  69% used [0x00000000d8000000, 0x00000000e5183c60, 0x00000000e5183e00, 0x00000000ead08000)
 Metaspace       used 62018K, capacity 63215K, committed 63360K, reserved 1103872K
  class space    used 7678K, capacity 7993K, committed 8064K, reserved 1048576K
}

