# JRE version: OpenJDK Runtime Environment (8.0_232-b09) (build 1.8.0_232-BellSoft-b09)
# Java VM: OpenJDK 64-Bit Server VM (25.232-b09 mixed mode windows-amd64 compressed oops)
Heap:
 def new generation   total 189824K, used 182828K [0x00000000c4000000, 0x00000000d0df0000, 0x00000000d8000000)
  eden space 168768K, 100% used [0x00000000c4000000, 0x00000000ce4d0000, 0x00000000ce4d0000)
  from space 21056K,  66% used [0x00000000cf960000, 0x00000000d071b018, 0x00000000d0df0000)
  to   space 21056K,  67% used [0x00000000ce4d0000, 0x00000000cf2bb470, 0x00000000cf960000)
 tenured generation   total 472364K, used 472364K [0x00000000d8000000, 0x00000000f4d4b000, 0x0000000100000000)
   the space 472364K, 100% used [0x00000000d8000000, 0x00000000f4d4b000, 0x00000000f4d4b000, 0x00000000f4d4b000)
 Metaspace       used 61530K, capacity 62693K, committed 62848K, reserved 1103872K
  class space    used 7681K, capacity 7990K, committed 8064K, reserved 1048576K
GC Heap History (10 events):
Event: 227.808 GC heap after
Heap after GC invocations=104 (full 9):
 def new generation   total 189824K, used 0K [0x00000000c4000000, 0x00000000d0df0000, 0x00000000d8000000)
  eden space 168768K,   0% used [0x00000000c4000000, 0x00000000c4000000, 0x00000000ce4d0000)
  from space 21056K,   0% used [0x00000000ce4d0000, 0x00000000ce4d0000, 0x00000000cf960000)
  to   space 21056K,   0% used [0x00000000cf960000, 0x00000000cf960000, 0x00000000d0df0000)
 tenured generation   total 421580K, used 252946K [0x00000000d8000000, 0x00000000f1bb3000, 0x0000000100000000)
   the space 421580K,  59% used [0x00000000d8000000, 0x00000000e7704820, 0x00000000e7704a00, 0x00000000f1bb3000)
 Metaspace       used 61527K, capacity 62693K, committed 62848K, reserved 1103872K
  class space    used 7680K, capacity 7990K, committed 8064K, reserved 1048576K
}
Event: 228.254 GC heap before
{Heap before GC invocations=104 (full 9):
 def new generation   total 189824K, used 168768K [0x00000000c4000000, 0x00000000d0df0000, 0x00000000d8000000)
  eden space 168768K, 100% used [0x00000000c4000000, 0x00000000ce4d0000, 0x00000000ce4d0000)
  from space 21056K,   0% used [0x00000000ce4d0000, 0x00000000ce4d0000, 0x00000000cf960000)
  to   space 21056K,   0% used [0x00000000cf960000, 0x00000000cf960000, 0x00000000d0df0000)
 tenured generation   total 421580K, used 252946K [0x00000000d8000000, 0x00000000f1bb3000, 0x0000000100000000)
   the space 421580K,  59% used [0x00000000d8000000, 0x00000000e7704820, 0x00000000e7704a00, 0x00000000f1bb3000)
 Metaspace       used 61527K, capacity 62693K, committed 62848K, reserved 1103872K
  class space    used 7680K, capacity 7990K, committed 8064K, reserved 1048576K
Event: 228.334 GC heap after
Heap after GC invocations=105 (full 9):
 def new generation   total 189824K, used 16329K [0x00000000c4000000, 0x00000000d0df0000, 0x00000000d8000000)
  eden space 168768K,   0% used [0x00000000c4000000, 0x00000000c4000000, 0x00000000ce4d0000)
  from space 21056K,  77% used [0x00000000cf960000, 0x00000000d09524e8, 0x00000000d0df0000)
  to   space 21056K,   0% used [0x00000000ce4d0000, 0x00000000ce4d0000, 0x00000000cf960000)
 tenured generation   total 421580K, used 252946K [0x00000000d8000000, 0x00000000f1bb3000, 0x0000000100000000)
   the space 421580K,  59% used [0x00000000d8000000, 0x00000000e7704820, 0x00000000e7704a00, 0x00000000f1bb3000)
 Metaspace       used 61527K, capacity 62693K, committed 62848K, reserved 1103872K
  class space    used 7680K, capacity 7990K, committed 8064K, reserved 1048576K
}
Event: 234.159 GC heap before
{Heap before GC invocations=105 (full 9):
 def new generation   total 189824K, used 189824K [0x00000000c4000000, 0x00000000d0df0000, 0x00000000d8000000)
  eden space 168768K, 100% used [0x00000000c4000000, 0x00000000ce4d0000, 0x00000000ce4d0000)
  from space 21056K, 100% used [0x00000000cf960000, 0x00000000d0df0000, 0x00000000d0df0000)
  to   space 21056K,   0% used [0x00000000ce4d0000, 0x00000000ce4d0000, 0x00000000cf960000)
 tenured generation   total 467648K, used 467648K [0x00000000d8000000, 0x00000000f48b0000, 0x0000000100000000)
   the space 467648K, 100% used [0x00000000d8000000, 0x00000000f48b0000, 0x00000000f48b0000, 0x00000000f48b0000)
 Metaspace       used 61530K, capacity 62693K, committed 62848K, reserved 1103872K
  class space    used 7681K, capacity 7990K, committed 8064K, reserved 1048576K
Event: 242.382 GC heap after
Heap after GC invocations=106 (full 9):
 def new generation   total 189824K, used 175812K [0x00000000c4000000, 0x00000000d0df0000, 0x00000000d8000000)
  eden space 168768K, 100% used [0x00000000c4000000, 0x00000000ce4d0000, 0x00000000ce4d0000)
  from space 21056K,  33% used [0x00000000ce4d0000, 0x00000000cebb1018, 0x00000000cf960000)
  to   space 21056K, 100% used [0x00000000cf960000, 0x00000000d0df0000, 0x00000000d0df0000)
 tenured generation   total 468544K, used 468429K [0x00000000d8000000, 0x00000000f4990000, 0x0000000100000000)
   the space 468544K,  99% used [0x00000000d8000000, 0x00000000f49736d0, 0x00000000f4973800, 0x00000000f4990000)
 Metaspace       used 61530K, capacity 62693K, committed 62848K, reserved 1103872K
  class space    used 7681K, capacity 7990K, committed 8064K, reserved 1048576K
}
Event: 242.382 GC heap before
{Heap before GC invocations=106 (full 9):
 def new generation   total 189824K, used 175812K [0x00000000c4000000, 0x00000000d0df0000, 0x00000000d8000000)
  eden space 168768K, 100% used [0x00000000c4000000, 0x00000000ce4d0000, 0x00000000ce4d0000)
  from space 21056K,  33% used [0x00000000ce4d0000, 0x00000000cebb1018, 0x00000000cf960000)
  to   space 21056K, 100% used [0x00000000cf960000, 0x00000000d0df0000, 0x00000000d0df0000)
 tenured generation   total 468544K, used 468429K [0x00000000d8000000, 0x00000000f4990000, 0x0000000100000000)
   the space 468544K,  99% used [0x00000000d8000000, 0x00000000f49736d0, 0x00000000f4973800, 0x00000000f4990000)
 Metaspace       used 61530K, capacity 62693K, committed 62848K, reserved 1103872K
  class space    used 7681K, capacity 7990K, committed 8064K, reserved 1048576K
Event: 243.697 GC heap after
Heap after GC invocations=107 (full 10):
 def new generation   total 189824K, used 0K [0x00000000c4000000, 0x00000000d0df0000, 0x00000000d8000000)
  eden space 168768K,   0% used [0x00000000c4000000, 0x00000000c4000000, 0x00000000ce4d0000)
  from space 21056K,   0% used [0x00000000ce4d0000, 0x00000000ce4d0000, 0x00000000cf960000)
  to   space 21056K,   0% used [0x00000000cf960000, 0x00000000cf960000, 0x00000000d0df0000)
 tenured generation   total 468544K, used 315123K [0x00000000d8000000, 0x00000000f4990000, 0x0000000100000000)
   the space 468544K,  67% used [0x00000000d8000000, 0x00000000eb3bcf68, 0x00000000eb3bd000, 0x00000000f4990000)
 Metaspace       used 61530K, capacity 62693K, committed 62848K, reserved 1103872K
  class space    used 7681K, capacity 7990K, committed 8064K, reserved 1048576K
}
Event: 248.944 GC heap before
{Heap before GC invocations=107 (full 10):
 def new generation   total 189824K, used 189824K [0x00000000c4000000, 0x00000000d0df0000, 0x00000000d8000000)
  eden space 168768K, 100% used [0x00000000c4000000, 0x00000000ce4d0000, 0x00000000ce4d0000)
  from space 21056K, 100% used [0x00000000ce4d0000, 0x00000000cf960000, 0x00000000cf960000)
  to   space 21056K,   0% used [0x00000000cf960000, 0x00000000cf960000, 0x00000000d0df0000)
 tenured generation   total 470356K, used 470355K [0x00000000d8000000, 0x00000000f4b55000, 0x0000000100000000)
   the space 470356K,  99% used [0x00000000d8000000, 0x00000000f4b54ff0, 0x00000000f4b55000, 0x00000000f4b55000)
 Metaspace       used 61530K, capacity 62693K, committed 62848K, reserved 1103872K
  class space    used 7681K, capacity 7990K, committed 8064K, reserved 1048576K
Event: 249.187 GC heap after
Heap after GC invocations=108 (full 10):
 def new generation   total 189824K, used 14060K [0x00000000c4000000, 0x00000000d0df0000, 0x00000000d8000000)
  eden space 168768K,   0% used [0x00000000c4000000, 0x00000000c4000000, 0x00000000ce4d0000)
  from space 21056K,  66% used [0x00000000cf960000, 0x00000000d071b018, 0x00000000d0df0000)
  to   space 21056K,   0% used [0x00000000ce4d0000, 0x00000000ce4d0000, 0x00000000cf960000)
 tenured generation   total 470356K, used 470355K [0x00000000d8000000, 0x00000000f4b55000, 0x0000000100000000)
   the space 470356K,  99% used [0x00000000d8000000, 0x00000000f4b54ff0, 0x00000000f4b55000, 0x00000000f4b55000)
 Metaspace       used 61530K, capacity 62693K, committed 62848K, reserved 1103872K
  class space    used 7681K, capacity 7990K, committed 8064K, reserved 1048576K
}
Event: 250.267 GC heap before
{Heap before GC invocations=108 (full 10):
 def new generation   total 189824K, used 182828K [0x00000000c4000000, 0x00000000d0df0000, 0x00000000d8000000)
  eden space 168768K, 100% used [0x00000000c4000000, 0x00000000ce4d0000, 0x00000000ce4d0000)
  from space 21056K,  66% used [0x00000000cf960000, 0x00000000d071b018, 0x00000000d0df0000)
  to   space 21056K,   0% used [0x00000000ce4d0000, 0x00000000ce4d0000, 0x00000000cf960000)
 tenured generation   total 470356K, used 470355K [0x00000000d8000000, 0x00000000f4b55000, 0x0000000100000000)
   the space 470356K,  99% used [0x00000000d8000000, 0x00000000f4b54ff0, 0x00000000f4b55000, 0x00000000f4b55000)
 Metaspace       used 61530K, capacity 62693K, committed 62848K, reserved 1103872K
  class space    used 7681K, capacity 7990K, committed 8064K, reserved 1048576K

