# JRE version: OpenJDK Runtime Environment (8.0_232-b09) (build 1.8.0_232-BellSoft-b09)
# Java VM: OpenJDK 64-Bit Server VM (25.232-b09 mixed mode windows-amd64 compressed oops)
Heap:
 def new generation   total 41344K, used 8114K [0x00000000c4000000, 0x00000000c6cd0000, 0x00000000d8000000)
  eden space 36800K,   9% used [0x00000000c4000000, 0x00000000c437cb78, 0x00000000c63f0000)
  from space 4544K, 100% used [0x00000000c6860000, 0x00000000c6cd0000, 0x00000000c6cd0000)
  to   space 4544K,   0% used [0x00000000c63f0000, 0x00000000c63f0000, 0x00000000c6860000)
 tenured generation   total 91688K, used 88114K [0x00000000d8000000, 0x00000000dd98a000, 0x0000000100000000)
   the space 91688K,  96% used [0x00000000d8000000, 0x00000000dd60c980, 0x00000000dd60ca00, 0x00000000dd98a000)
 Metaspace       used 36718K, capacity 37185K, committed 37504K, reserved 1081344K
  class space    used 4793K, capacity 4936K, committed 4992K, reserved 1048576K
GC Heap History (10 events):
Event: 82.207 GC heap before
{Heap before GC invocations=53 (full 4):
 def new generation   total 36032K, used 32064K [0x00000000c4000000, 0x00000000c6710000, 0x00000000d8000000)
  eden space 32064K, 100% used [0x00000000c4000000, 0x00000000c5f50000, 0x00000000c5f50000)
  from space 3968K,   0% used [0x00000000c5f50000, 0x00000000c5f50000, 0x00000000c6330000)
  to   space 3968K,   0% used [0x00000000c6330000, 0x00000000c6330000, 0x00000000c6710000)
 tenured generation   total 79976K, used 79950K [0x00000000d8000000, 0x00000000dce1a000, 0x0000000100000000)
   the space 79976K,  99% used [0x00000000d8000000, 0x00000000dce138a8, 0x00000000dce13a00, 0x00000000dce1a000)
 Metaspace       used 36016K, capacity 36495K, committed 36864K, reserved 1081344K
  class space    used 4694K, capacity 4853K, committed 4864K, reserved 1048576K
Event: 82.436 GC heap after
Heap after GC invocations=54 (full 5):
 def new generation   total 36992K, used 3878K [0x00000000c4000000, 0x00000000c6820000, 0x00000000d8000000)
  eden space 32896K,  11% used [0x00000000c4000000, 0x00000000c43c99f8, 0x00000000c6020000)
  from space 4096K,   0% used [0x00000000c6020000, 0x00000000c6020000, 0x00000000c6420000)
  to   space 4096K,   0% used [0x00000000c6420000, 0x00000000c6420000, 0x00000000c6820000)
 tenured generation   total 82088K, used 82069K [0x00000000d8000000, 0x00000000dd02a000, 0x0000000100000000)
   the space 82088K,  99% used [0x00000000d8000000, 0x00000000dd025600, 0x00000000dd025600, 0x00000000dd02a000)
 Metaspace       used 36016K, capacity 36495K, committed 36864K, reserved 1081344K
  class space    used 4694K, capacity 4853K, committed 4864K, reserved 1048576K
}
Event: 83.158 GC heap before
{Heap before GC invocations=54 (full 5):
 def new generation   total 36992K, used 32896K [0x00000000c4000000, 0x00000000c6820000, 0x00000000d8000000)
  eden space 32896K, 100% used [0x00000000c4000000, 0x00000000c6020000, 0x00000000c6020000)
  from space 4096K,   0% used [0x00000000c6020000, 0x00000000c6020000, 0x00000000c6420000)
  to   space 4096K,   0% used [0x00000000c6420000, 0x00000000c6420000, 0x00000000c6820000)
 tenured generation   total 82088K, used 82069K [0x00000000d8000000, 0x00000000dd02a000, 0x0000000100000000)
   the space 82088K,  99% used [0x00000000d8000000, 0x00000000dd025600, 0x00000000dd025600, 0x00000000dd02a000)
 Metaspace       used 36017K, capacity 36495K, committed 36864K, reserved 1081344K
  class space    used 4694K, capacity 4853K, committed 4864K, reserved 1048576K
Event: 83.442 GC heap after
Heap after GC invocations=55 (full 6):
 def new generation   total 38208K, used 1787K [0x00000000c4000000, 0x00000000c6970000, 0x00000000d8000000)
  eden space 33984K,   5% used [0x00000000c4000000, 0x00000000c41bed38, 0x00000000c6130000)
  from space 4224K,   0% used [0x00000000c6130000, 0x00000000c6130000, 0x00000000c6550000)
  to   space 4224K,   0% used [0x00000000c6550000, 0x00000000c6550000, 0x00000000c6970000)
 tenured generation   total 84776K, used 84774K [0x00000000d8000000, 0x00000000dd2ca000, 0x0000000100000000)
   the space 84776K,  99% used [0x00000000d8000000, 0x00000000dd2c9b60, 0x00000000dd2c9c00, 0x00000000dd2ca000)
 Metaspace       used 36017K, capacity 36495K, committed 36864K, reserved 1081344K
  class space    used 4694K, capacity 4853K, committed 4864K, reserved 1048576K
}
Event: 85.087 GC heap before
{Heap before GC invocations=55 (full 6):
 def new generation   total 38208K, used 33984K [0x00000000c4000000, 0x00000000c6970000, 0x00000000d8000000)
  eden space 33984K, 100% used [0x00000000c4000000, 0x00000000c6130000, 0x00000000c6130000)
  from space 4224K,   0% used [0x00000000c6130000, 0x00000000c6130000, 0x00000000c6550000)
  to   space 4224K,   0% used [0x00000000c6550000, 0x00000000c6550000, 0x00000000c6970000)
 tenured generation   total 84776K, used 84774K [0x00000000d8000000, 0x00000000dd2ca000, 0x0000000100000000)
   the space 84776K,  99% used [0x00000000d8000000, 0x00000000dd2c9b60, 0x00000000dd2c9c00, 0x00000000dd2ca000)
 Metaspace       used 36018K, capacity 36495K, committed 36864K, reserved 1081344K
  class space    used 4694K, capacity 4853K, committed 4864K, reserved 1048576K
Event: 85.378 GC heap after
Heap after GC invocations=56 (full 7):
 def new generation   total 40192K, used 0K [0x00000000c4000000, 0x00000000c6b90000, 0x00000000d8000000)
  eden space 35776K,   0% used [0x00000000c4000000, 0x00000000c4000000, 0x00000000c62f0000)
  from space 4416K,   0% used [0x00000000c62f0000, 0x00000000c62f0000, 0x00000000c6740000)
  to   space 4416K,   0% used [0x00000000c6740000, 0x00000000c6740000, 0x00000000c6b90000)
 tenured generation   total 89192K, used 88590K [0x00000000d8000000, 0x00000000dd71a000, 0x0000000100000000)
   the space 89192K,  99% used [0x00000000d8000000, 0x00000000dd683800, 0x00000000dd683800, 0x00000000dd71a000)
 Metaspace       used 36018K, capacity 36495K, committed 36864K, reserved 1081344K
  class space    used 4694K, capacity 4853K, committed 4864K, reserved 1048576K
}
Event: 86.583 GC heap before
{Heap before GC invocations=56 (full 7):
 def new generation   total 40192K, used 35776K [0x00000000c4000000, 0x00000000c6b90000, 0x00000000d8000000)
  eden space 35776K, 100% used [0x00000000c4000000, 0x00000000c62f0000, 0x00000000c62f0000)
  from space 4416K,   0% used [0x00000000c62f0000, 0x00000000c62f0000, 0x00000000c6740000)
  to   space 4416K,   0% used [0x00000000c6740000, 0x00000000c6740000, 0x00000000c6b90000)
 tenured generation   total 89192K, used 88590K [0x00000000d8000000, 0x00000000dd71a000, 0x0000000100000000)
   the space 89192K,  99% used [0x00000000d8000000, 0x00000000dd683800, 0x00000000dd683800, 0x00000000dd71a000)
 Metaspace       used 36049K, capacity 36495K, committed 36864K, reserved 1081344K
  class space    used 4694K, capacity 4853K, committed 4864K, reserved 1048576K
Event: 86.888 GC heap after
Heap after GC invocations=57 (full 8):
 def new generation   total 41344K, used 0K [0x00000000c4000000, 0x00000000c6cd0000, 0x00000000d8000000)
  eden space 36800K,   0% used [0x00000000c4000000, 0x00000000c4000000, 0x00000000c63f0000)
  from space 4544K,   0% used [0x00000000c63f0000, 0x00000000c63f0000, 0x00000000c6860000)
  to   space 4544K,   0% used [0x00000000c6860000, 0x00000000c6860000, 0x00000000c6cd0000)
 tenured generation   total 91688K, used 87552K [0x00000000d8000000, 0x00000000dd98a000, 0x0000000100000000)
   the space 91688K,  95% used [0x00000000d8000000, 0x00000000dd580148, 0x00000000dd580200, 0x00000000dd98a000)
 Metaspace       used 36049K, capacity 36495K, committed 36864K, reserved 1081344K
  class space    used 4694K, capacity 4853K, committed 4864K, reserved 1048576K
}
Event: 88.883 GC heap before
{Heap before GC invocations=57 (full 8):
 def new generation   total 41344K, used 36800K [0x00000000c4000000, 0x00000000c6cd0000, 0x00000000d8000000)
  eden space 36800K, 100% used [0x00000000c4000000, 0x00000000c63f0000, 0x00000000c63f0000)
  from space 4544K,   0% used [0x00000000c63f0000, 0x00000000c63f0000, 0x00000000c6860000)
  to   space 4544K,   0% used [0x00000000c6860000, 0x00000000c6860000, 0x00000000c6cd0000)
 tenured generation   total 91688K, used 87552K [0x00000000d8000000, 0x00000000dd98a000, 0x0000000100000000)
   the space 91688K,  95% used [0x00000000d8000000, 0x00000000dd580148, 0x00000000dd580200, 0x00000000dd98a000)
 Metaspace       used 36654K, capacity 37121K, committed 37504K, reserved 1081344K
  class space    used 4788K, capacity 4936K, committed 4992K, reserved 1048576K
Event: 88.896 GC heap after
Heap after GC invocations=58 (full 8):
 def new generation   total 41344K, used 4544K [0x00000000c4000000, 0x00000000c6cd0000, 0x00000000d8000000)
  eden space 36800K,   0% used [0x00000000c4000000, 0x00000000c4000000, 0x00000000c63f0000)
  from space 4544K, 100% used [0x00000000c6860000, 0x00000000c6cd0000, 0x00000000c6cd0000)
  to   space 4544K,   0% used [0x00000000c63f0000, 0x00000000c63f0000, 0x00000000c6860000)
 tenured generation   total 91688K, used 88114K [0x00000000d8000000, 0x00000000dd98a000, 0x0000000100000000)
   the space 91688K,  96% used [0x00000000d8000000, 0x00000000dd60c980, 0x00000000dd60ca00, 0x00000000dd98a000)
 Metaspace       used 36654K, capacity 37121K, committed 37504K, reserved 1081344K
  class space    used 4788K, capacity 4936K, committed 4992K, reserved 1048576K
}

